{"invite_token":"11111111-1111-1111-1111-111111111111","level":"info","message":"audit.invite.accept","timestamp":"2026-04-03T02:17:10.498Z","user_id":"u1"}
{"invite_id":"i1","invited_by":"a1","level":"info","message":"audit.invite.create","timestamp":"2026-04-03T02:17:10.502Z"}
{"creator_id":"u1","informative":true,"level":"info","message":"audit.alert.create","timestamp":"2026-04-03T02:17:18.420Z"}
{"invite_token":"11111111-1111-1111-1111-111111111111","level":"info","message":"audit.invite.accept","timestamp":"2026-04-03T02:17:39.812Z","user_id":"u1"}
{"invite_id":"i1","invited_by":"a1","level":"info","message":"audit.invite.create","timestamp":"2026-04-03T02:17:39.815Z"}
{"creator_id":"u1","informative":true,"level":"info","message":"audit.alert.create","timestamp":"2026-04-03T02:17:45.755Z"}
{"invite_token":"11111111-1111-1111-1111-111111111111","level":"info","message":"audit.invite.accept","timestamp":"2026-04-03T02:18:04.824Z","user_id":"u1"}
{"invite_id":"i1","invited_by":"a1","level":"info","message":"audit.invite.create","timestamp":"2026-04-03T02:18:04.827Z"}
{"creator_id":"u1","informative":true,"level":"info","message":"audit.alert.create","timestamp":"2026-04-03T02:18:10.876Z"}
{"invite_token":"11111111-1111-1111-1111-111111111111","level":"info","message":"audit.invite.accept","timestamp":"2026-04-03T02:18:29.370Z","user_id":"u1"}
{"invite_id":"i1","invited_by":"a1","level":"info","message":"audit.invite.create","timestamp":"2026-04-03T02:18:29.373Z"}
{"correlation_id":"097356a0-a1b1-42b3-92f9-4ead9ce66ce5","duration_ms":9,"endpoint":"/v1/me","erro":null,"level":"info","message":"request.completed","method":"GET","request_id":"097356a0-a1b1-42b3-92f9-4ead9ce66ce5","span_id":"d3be59be0db0791d","status":200,"timestamp":"2026-04-03T02:18:35.543Z","trace_id":"41ba5dcd76a413e75b2ac849c0fbbe05","user_id":"11111111-1111-1111-1111-111111111111"}
{"correlation_id":"ea4ccfb8-17eb-432a-85e5-1a430a5398cd","duration_ms":5,"endpoint":"/v1/news?lang=pt&limit=1","erro":null,"level":"info","message":"request.completed","method":"GET","request_id":"ea4ccfb8-17eb-432a-85e5-1a430a5398cd","span_id":"82149fe7465406ab","status":200,"timestamp":"2026-04-03T02:18:35.570Z","trace_id":"8d460e2d5ebd40c8136042acca8f3db3","user_id":null}
{"correlation_id":"4e0070dd-d7f0-479b-a98d-f285981fb1a3","duration_ms":3,"endpoint":"/v1/news?lang=es","erro":null,"level":"info","message":"request.completed","method":"GET","request_id":"4e0070dd-d7f0-479b-a98d-f285981fb1a3","span_id":"e37545a55776c15f","status":400,"timestamp":"2026-04-03T02:18:35.581Z","trace_id":"e36391337424fb6c2fdb407cb238b6da","user_id":null}
{"creator_id":"u1","informative":true,"level":"info","message":"audit.alert.create","timestamp":"2026-04-03T02:18:35.727Z"}
{"invite_token":"11111111-1111-1111-1111-111111111111","level":"info","message":"audit.invite.accept","timestamp":"2026-04-03T02:21:31.602Z","user_id":"u1"}
{"invite_id":"i1","invited_by":"a1","level":"info","message":"audit.invite.create","timestamp":"2026-04-03T02:21:31.606Z"}
{"correlation_id":"68c467f6-b6b6-48b3-ac24-5ae0191543d9","duration_ms":9,"endpoint":"/v1/me","erro":null,"level":"info","message":"request.completed","method":"GET","request_id":"68c467f6-b6b6-48b3-ac24-5ae0191543d9","span_id":"33c9dd8fe53376e1","status":200,"timestamp":"2026-04-03T02:21:41.198Z","trace_id":"82e17119a2dc87249efa2f9b0b240afa","user_id":"11111111-1111-1111-1111-111111111111"}
{"correlation_id":"14b8bb35-abd4-4817-98da-18bbdf597143","duration_ms":7,"endpoint":"/v1/news?lang=pt&limit=1","erro":null,"level":"info","message":"request.completed","method":"GET","request_id":"14b8bb35-abd4-4817-98da-18bbdf597143","span_id":"6035e237784e19b8","status":200,"timestamp":"2026-04-03T02:21:41.234Z","trace_id":"6cc02caef90c9de606020ab3867a4545","user_id":null}
{"correlation_id":"70e69d3e-25bc-45b1-92ef-5e5137175b74","duration_ms":6,"endpoint":"/v1/news?lang=es","erro":null,"level":"info","message":"request.completed","method":"GET","request_id":"70e69d3e-25bc-45b1-92ef-5e5137175b74","span_id":"67c95d8a1b7e387b","status":400,"timestamp":"2026-04-03T02:21:41.248Z","trace_id":"4c7295c08aeccc340461be61202ead48","user_id":null}
{"creator_id":"u1","informative":true,"level":"info","message":"audit.alert.create","timestamp":"2026-04-03T02:21:41.495Z"}
